     1                                  bits 32 ; assembling for the 32 bits architecture
     2                                  
     3                                  ; declare the EntryPoint (a label defining the very first instruction of the program)
     4                                  global start        
     5                                  
     6                                  ; declare external functions needed by our program
     7                                  extern exit               ; tell nasm that exit exists even if we won't be defining it
     8                                  import exit msvcrt.dll    ; exit is a function that ends the calling process. It is defined in msvcrt.dll
     9                                                            ; msvcrt.dll contains exit, printf and all the other important C-runtime specific functions
    10                                  
    11                                  ; our data is declared here (the variables needed by our program)
    12                                  segment data use32 class=data
    13                                      ; (b+c)+(a+b-d)
    14 00000000 04                          a db 4
    15 00000001 0A                          b db 10
    16 00000002 07                          c db 7
    17 00000003 02                          d db 2
    18                                  
    19                                  ; our code starts here
    20                                  segment code use32 class=code
    21                                      start:
    22                                          ; ...
    23 00000000 A0[01000000]                    mov al, [b]
    24 00000005 0205[02000000]                  add al, [c]
    25 0000000B 88C3                            mov bl, al
    26 0000000D A0[00000000]                    mov al, [a]
    27 00000012 0205[01000000]                  add al, [b]
    28 00000018 2A05[03000000]                  sub al, [d]
    29 0000001E 00C3                            add bl, al
    30                                          ; exit(0)
    31 00000020 6A00                            push    dword 0      ; push the parameter for exit onto the stack
    32 00000022 FF15[00000000]                  call    [exit]       ; call exit to terminate the program
